0 info it worked if it ends with ok
1 verbose cli [ '/usr/local/bin/node',
1 verbose cli   '/usr/local/bin/npm',
1 verbose cli   'install',
1 verbose cli   'node_nibbler' ]
2 info using npm@1.4.3
3 info using node@v0.11.12
4 verbose readDependencies using package.json deps
5 verbose cache add [ 'node_nibbler', null ]
6 verbose cache add name=undefined spec="node_nibbler" args=["node_nibbler",null]
7 verbose parsed url { protocol: null,
7 verbose parsed url   slashes: null,
7 verbose parsed url   auth: null,
7 verbose parsed url   host: null,
7 verbose parsed url   port: null,
7 verbose parsed url   hostname: null,
7 verbose parsed url   hash: null,
7 verbose parsed url   search: null,
7 verbose parsed url   query: null,
7 verbose parsed url   pathname: 'node_nibbler',
7 verbose parsed url   path: 'node_nibbler',
7 verbose parsed url   href: 'node_nibbler' }
8 silly lockFile d92ca002-node-nibbler node_nibbler
9 verbose lock node_nibbler /Users/gaochenfei/.npm/d92ca002-node-nibbler.lock
10 silly lockFile d92ca002-node-nibbler node_nibbler
11 silly lockFile d92ca002-node-nibbler node_nibbler
12 verbose addNamed [ 'node_nibbler', '' ]
13 verbose addNamed [ null, '*' ]
14 silly lockFile a7e447ea-node-nibbler node_nibbler@
15 verbose lock node_nibbler@ /Users/gaochenfei/.npm/a7e447ea-node-nibbler.lock
16 silly addNameRange { name: 'node_nibbler', range: '*', hasData: false }
17 verbose url raw node_nibbler
18 verbose url resolving [ 'https://registry.npmjs.org/', './node_nibbler' ]
19 verbose url resolved https://registry.npmjs.org/node_nibbler
20 info trying registry request attempt 1 at 22:04:19
21 http GET https://registry.npmjs.org/node_nibbler
22 http 404 https://registry.npmjs.org/node_nibbler
23 silly registry.get cb [ 404,
23 silly registry.get   { date: 'Sun, 31 Aug 2014 14:04:19 GMT',
23 silly registry.get     server: 'CouchDB/1.5.0 (Erlang OTP/R16B03)',
23 silly registry.get     'content-type': 'application/json',
23 silly registry.get     'cache-control': 'max-age=0',
23 silly registry.get     'content-length': '52',
23 silly registry.get     'accept-ranges': 'bytes',
23 silly registry.get     via: '1.1 varnish',
23 silly registry.get     age: '0',
23 silly registry.get     'x-served-by': 'cache-ty68-TYO',
23 silly registry.get     'x-cache': 'MISS',
23 silly registry.get     'x-cache-hits': '0',
23 silly registry.get     'x-timer': 'S1409493859.307652,VS0,VE198',
23 silly registry.get     connection: 'close' } ]
24 silly lockFile a7e447ea-node-nibbler node_nibbler@
25 silly lockFile a7e447ea-node-nibbler node_nibbler@
26 error 404 'node_nibbler' is not in the npm registry.
26 error 404 You should bug the author to publish it
26 error 404 It was specified as a dependency of 'jd_node_base'
26 error 404
26 error 404 Note that you can also install from a
26 error 404 tarball, folder, or http url, or git url.
27 error System Darwin 13.3.0
28 error command "/usr/local/bin/node" "/usr/local/bin/npm" "install" "node_nibbler"
29 error cwd /Users/gaochenfei/Develop/Projects/nodejsblog
30 error node -v v0.11.12
31 error npm -v 1.4.3
32 error code E404
33 verbose exit [ 1, true ]
